** Processing test_examples/owl/south/south_0.txt assumptions 14 premises 47
** Reasoner time:0.02
** Label computation time 0.0
** [[[BPT sm191972361 osOSGB2690] [BPT osOSGB2690 sm191972361]]
    [[BPT sm191972362 osOSGB2688] [BPT osOSGB2688 sm191972362]]
    [[BPT sm191972365 osOSGB2693] [BPT osOSGB2693 sm191972365]]
    [[BPT sm191972363 osOSGB2687] [BPT osOSGB2687 sm191972363]]
    [[BPT osOSGB2691 sm191972369] [BPT sm191972369 osOSGB2691]]
    [[BPT sm191972364 osOSGB2662] [BPT osOSGB2662 sm191972364]]
    [[BPT sm191972372 osOSGB2689] [BPT osOSGB2689 sm191972372]]]
** Processing test_examples/owl/south/south_10.txt assumptions 22 premises 145
** Reasoner time:0.06
** Label computation time 0.01
** [[[BPT sm190394970 osOSGB3646] [BPT osOSGB3646 sm190394970]]
    [[BPT sm190394980 osOSGB3646] [BPT osOSGB3646 sm190394970]]
    [[BPT osOSGB3646 sm190394980] [BPT sm190394970 osOSGB3646]]
    [[BPT sm190394971 osOSGB3644] [BPT osOSGB3644 sm190394971]]
    [[BPT sm225238636 osOSGB3714] [BPT osOSGB3714 sm225238637]]
    [[BPT sm225238637 osOSGB3714] [BPT osOSGB3714 sm225238637]]
    [[BPT sm225238635 osOSGB3714] [BPT osOSGB3714 sm225238637]]
    [[BPT osOSGB3714 sm225238636] [BPT sm225238636 osOSGB3714]]
    [[BPT osOSGB3714 sm225238635] [BPT sm225238636 osOSGB3714]]
    [[BPT sm190394975 osOSGB3693] [BPT osOSGB3693 sm190394975]]
    [[BPT sm190394981 osOSGB3693] [BPT osOSGB3693 sm190394975]]
    [[BPT osOSGB3693 sm190394981] [BPT sm190394975 osOSGB3693]]
    [[BPT sm225238637 osOSGB3714] [BPT osOSGB3714 sm225238636]]
    [[BPT sm225238635 osOSGB3714] [BPT osOSGB3714 sm225238636]]
    [[BPT osOSGB3714 sm225238635] [BPT sm225238637 osOSGB3714]]
    [[BPT osOSGB3693 sm190394981] [BPT sm190394981 osOSGB3693]]
    [[BPT osOSGB3695 sm225408529] [BPT sm225408529 osOSGB3695]]
    [[BPT osOSGB3646 sm190394980] [BPT sm190394980 osOSGB3646]]
    [[BPT sm171632697 osOSGB3717] [BPT osOSGB3717 sm171632697]]
    [[BPT sm225238635 osOSGB3714] [BPT osOSGB3714 sm225238635]]
    [[BPT sm190394972 osOSGB3641] [BPT osOSGB3641 sm190394972]]]
** Processing test_examples/owl/south/south_12.txt assumptions 30 premises 214
** Reasoner time:0.28
** Label computation time 0.11
** [[[BPT osOSGB4515 sm157099077] [BPT sm157099077 osOSGB4515]]
    [[BPT osOSGB4518 sm157099077] [BPT sm157099077 osOSGB4515]]
    [[BPT osOSGB4291 sm157099077] [BPT sm157099077 osOSGB4515]]
    [[BPT osOSGB4525 sm157099077] [BPT sm157099077 osOSGB4515]]
    [[BPT osOSGB4649 sm157099077] [BPT sm157099077 osOSGB4515]]
    [[BPT osOSGB4295 sm157099077] [BPT sm157099077 osOSGB4515]]
    [[BPT osOSGB2210 sm157099077] [BPT sm157099077 osOSGB4515]]
    [[BPT osOSGB4522 sm157099077] [BPT sm157099077 osOSGB4515]]
    [[BPT osOSGB4299 sm157099077] [BPT sm157099077 osOSGB4515]]
    [[BPT osOSGB4288 sm157099077] [BPT sm157099077 osOSGB4515]]
    [[BPT osOSGB4276 sm157099077] [BPT sm157099077 osOSGB4515]]
    [[BPT sm157099445 osOSGB4262] [BPT sm157099077 osOSGB4515]]
    [[BPT osOSGB4303 sm157099077] [BPT sm157099077 osOSGB4515]]
    [[BPT osOSGB4515 sm157099077] [BPT sm157099077 osOSGB4649]]
    [[BPT osOSGB4518 sm157099077] [BPT sm157099077 osOSGB4649]]
    [[BPT osOSGB4291 sm157099077] [BPT sm157099077 osOSGB4649]]
    [[BPT osOSGB4525 sm157099077] [BPT sm157099077 osOSGB4649]]
    [[BPT osOSGB4649 sm157099077] [BPT sm157099077 osOSGB4649]]
    [[BPT osOSGB4295 sm157099077] [BPT sm157099077 osOSGB4649]]
    [[BPT osOSGB2210 sm157099077] [BPT sm157099077 osOSGB4649]]
    [[BPT osOSGB4522 sm157099077] [BPT sm157099077 osOSGB4649]]
    [[BPT osOSGB4299 sm157099077] [BPT sm157099077 osOSGB4649]]
    [[BPT osOSGB4288 sm157099077] [BPT sm157099077 osOSGB4649]]
    [[BPT osOSGB4276 sm157099077] [BPT sm157099077 osOSGB4649]]
    [[BPT osOSGB4303 sm157099077] [BPT sm157099077 osOSGB4649]]
    [[BPT sm157099077 osOSGB4295] [BPT osOSGB4515 sm157099077]]
    [[BPT sm157099077 osOSGB4518] [BPT osOSGB4515 sm157099077]]
    [[BPT sm157099077 osOSGB4303] [BPT osOSGB4515 sm157099077]]
    [[BPT sm157099077 osOSGB2210] [BPT osOSGB4515 sm157099077]]
    [[BPT sm157099077 osOSGB4291] [BPT osOSGB4515 sm157099077]]
    [[BPT sm157099077 osOSGB4522] [BPT osOSGB4515 sm157099077]]
    [[BPT sm157099077 osOSGB4276] [BPT osOSGB4515 sm157099077]]
    [[BPT sm157099077 osOSGB4299] [BPT osOSGB4515 sm157099077]]
    [[BPT sm157099077 osOSGB4288] [BPT osOSGB4515 sm157099077]]
    [[BPT sm157099077 osOSGB4525] [BPT osOSGB4515 sm157099077]]
    [[BPT sm157099077 osOSGB4295] [BPT osOSGB4518 sm157099077]]
    [[BPT sm157099077 osOSGB4518] [BPT osOSGB4518 sm157099077]]
    [[BPT sm157099077 osOSGB4303] [BPT osOSGB4518 sm157099077]]
    [[BPT sm157099077 osOSGB2210] [BPT osOSGB4518 sm157099077]]
    [[BPT sm157099077 osOSGB4291] [BPT osOSGB4518 sm157099077]]
    [[BPT sm157099077 osOSGB4522] [BPT osOSGB4518 sm157099077]]
    [[BPT sm157099077 osOSGB4276] [BPT osOSGB4518 sm157099077]]
    [[BPT sm157099077 osOSGB4299] [BPT osOSGB4518 sm157099077]]
    [[BPT sm157099077 osOSGB4288] [BPT osOSGB4518 sm157099077]]
    [[BPT sm157099077 osOSGB4525] [BPT osOSGB4518 sm157099077]]
    [[BPT osOSGB4291 sm157099077] [BPT sm157099077 osOSGB4295]]
    [[BPT osOSGB4525 sm157099077] [BPT sm157099077 osOSGB4295]]
    [[BPT osOSGB4649 sm157099077] [BPT sm157099077 osOSGB4295]]
    [[BPT osOSGB4295 sm157099077] [BPT sm157099077 osOSGB4295]]
    [[BPT osOSGB2210 sm157099077] [BPT sm157099077 osOSGB4295]]
    [[BPT osOSGB4522 sm157099077] [BPT sm157099077 osOSGB4295]]
    [[BPT osOSGB4299 sm157099077] [BPT sm157099077 osOSGB4295]]
    [[BPT osOSGB4288 sm157099077] [BPT sm157099077 osOSGB4295]]
    [[BPT osOSGB4276 sm157099077] [BPT sm157099077 osOSGB4295]]
    [[BPT osOSGB4303 sm157099077] [BPT sm157099077 osOSGB4295]]
    [[BPT sm157099077 osOSGB4518] [BPT osOSGB4291 sm157099077]]
    [[BPT sm157099077 osOSGB4303] [BPT osOSGB4291 sm157099077]]
    [[BPT sm157099077 osOSGB2210] [BPT osOSGB4291 sm157099077]]
    [[BPT sm157099077 osOSGB4291] [BPT osOSGB4291 sm157099077]]
    [[BPT sm157099077 osOSGB4522] [BPT osOSGB4291 sm157099077]]
    [[BPT sm157099077 osOSGB4276] [BPT osOSGB4291 sm157099077]]
    [[BPT sm157099077 osOSGB4299] [BPT osOSGB4291 sm157099077]]
    [[BPT sm184267132 osOSGB4291] [BPT osOSGB4291 sm157099077]]
    [[BPT sm157099077 osOSGB4288] [BPT osOSGB4291 sm157099077]]
    [[BPT sm157099077 osOSGB4525] [BPT osOSGB4291 sm157099077]]
    [[BPT sm157099077 osOSGB4518] [BPT osOSGB4525 sm157099077]]
    [[BPT sm157099077 osOSGB4303] [BPT osOSGB4525 sm157099077]]
    [[BPT sm157099077 osOSGB2210] [BPT osOSGB4525 sm157099077]]
    [[BPT sm157099077 osOSGB4291] [BPT osOSGB4525 sm157099077]]
    [[BPT sm157099077 osOSGB4522] [BPT osOSGB4525 sm157099077]]
    [[BPT sm157099077 osOSGB4276] [BPT osOSGB4525 sm157099077]]
    [[BPT sm157099077 osOSGB4299] [BPT osOSGB4525 sm157099077]]
    [[BPT sm157099077 osOSGB4288] [BPT osOSGB4525 sm157099077]]
    [[BPT sm157099077 osOSGB4525] [BPT osOSGB4525 sm157099077]]
    [[BPT osOSGB4649 sm157099077] [BPT sm157099077 osOSGB4518]]
    [[BPT osOSGB4295 sm157099077] [BPT sm157099077 osOSGB4518]]
    [[BPT osOSGB2210 sm157099077] [BPT sm157099077 osOSGB4518]]
    [[BPT osOSGB4522 sm157099077] [BPT sm157099077 osOSGB4518]]
    [[BPT osOSGB4299 sm157099077] [BPT sm157099077 osOSGB4518]]
    [[BPT osOSGB4288 sm157099077] [BPT sm157099077 osOSGB4518]]
    [[BPT osOSGB4276 sm157099077] [BPT sm157099077 osOSGB4518]]
    [[BPT sm157099445 osOSGB4262] [BPT sm157099077 osOSGB4518]]
    [[BPT osOSGB4303 sm157099077] [BPT sm157099077 osOSGB4518]]
    [[BPT sm157099077 osOSGB4303] [BPT osOSGB4649 sm157099077]]
    [[BPT sm157099077 osOSGB2210] [BPT osOSGB4649 sm157099077]]
    [[BPT sm157099077 osOSGB4291] [BPT osOSGB4649 sm157099077]]
    [[BPT sm157099077 osOSGB4522] [BPT osOSGB4649 sm157099077]]
    [[BPT sm157099077 osOSGB4276] [BPT osOSGB4649 sm157099077]]
    [[BPT sm157099077 osOSGB4299] [BPT osOSGB4649 sm157099077]]
    [[BPT sm157099077 osOSGB4288] [BPT osOSGB4649 sm157099077]]
    [[BPT sm157099077 osOSGB4525] [BPT osOSGB4649 sm157099077]]
    [[BPT osOSGB4295 sm157099077] [BPT sm157099077 osOSGB4303]]
    [[BPT osOSGB2210 sm157099077] [BPT sm157099077 osOSGB4303]]
    [[BPT osOSGB4522 sm157099077] [BPT sm157099077 osOSGB4303]]
    [[BPT osOSGB4299 sm157099077] [BPT sm157099077 osOSGB4303]]
    [[BPT osOSGB4288 sm157099077] [BPT sm157099077 osOSGB4303]]
    [[BPT osOSGB4276 sm157099077] [BPT sm157099077 osOSGB4303]]
    [[BPT osOSGB4303 sm157099077] [BPT sm157099077 osOSGB4303]]
    [[BPT sm157099077 osOSGB2210] [BPT osOSGB4295 sm157099077]]
    [[BPT sm157099077 osOSGB4291] [BPT osOSGB4295 sm157099077]]
    [[BPT sm157099077 osOSGB4522] [BPT osOSGB4295 sm157099077]]
    [[BPT sm157099077 osOSGB4276] [BPT osOSGB4295 sm157099077]]
    [[BPT sm157099077 osOSGB4299] [BPT osOSGB4295 sm157099077]]
    [[BPT sm157099077 osOSGB4288] [BPT osOSGB4295 sm157099077]]
    [[BPT sm157099077 osOSGB4525] [BPT osOSGB4295 sm157099077]]
    [[BPT sm48197564 osOSGB4642] [BPT osOSGB4642 sm48197564]]
    [[BPT sm157099077 osOSGB2210] [BPT osOSGB2210 sm157099077]]
    [[BPT sm157099077 osOSGB4291] [BPT osOSGB2210 sm157099077]]
    [[BPT sm157099077 osOSGB4522] [BPT osOSGB2210 sm157099077]]
    [[BPT sm157099077 osOSGB4276] [BPT osOSGB2210 sm157099077]]
    [[BPT sm157099077 osOSGB4299] [BPT osOSGB2210 sm157099077]]
    [[BPT sm157099077 osOSGB4288] [BPT osOSGB2210 sm157099077]]
    [[BPT sm157099077 osOSGB4525] [BPT osOSGB2210 sm157099077]]
    [[BPT osOSGB4522 sm157099077] [BPT sm157099077 osOSGB2210]]
    [[BPT osOSGB4299 sm157099077] [BPT sm157099077 osOSGB2210]]
    [[BPT osOSGB4288 sm157099077] [BPT sm157099077 osOSGB2210]]
    [[BPT osOSGB4276 sm157099077] [BPT sm157099077 osOSGB2210]]
    [[BPT osOSGB4303 sm157099077] [BPT sm157099077 osOSGB2210]]
    [[BPT osOSGB4522 sm157099077] [BPT sm157099077 osOSGB4291]]
    [[BPT osOSGB4299 sm157099077] [BPT sm157099077 osOSGB4291]]
    [[BPT osOSGB4291 sm184267132] [BPT sm157099077 osOSGB4291]]
    [[BPT osOSGB4288 sm157099077] [BPT sm157099077 osOSGB4291]]
    [[BPT osOSGB4276 sm157099077] [BPT sm157099077 osOSGB4291]]
    [[BPT osOSGB4303 sm157099077] [BPT sm157099077 osOSGB4291]]
    [[BPT sm157099077 osOSGB4522] [BPT osOSGB4522 sm157099077]]
    [[BPT sm157099077 osOSGB4276] [BPT osOSGB4522 sm157099077]]
    [[BPT sm157099077 osOSGB4299] [BPT osOSGB4522 sm157099077]]
    [[BPT sm157099077 osOSGB4288] [BPT osOSGB4522 sm157099077]]
    [[BPT sm157099077 osOSGB4525] [BPT osOSGB4522 sm157099077]]
    [[BPT osOSGB4299 sm157099077] [BPT sm157099077 osOSGB4522]]
    [[BPT osOSGB4288 sm157099077] [BPT sm157099077 osOSGB4522]]
    [[BPT osOSGB4276 sm157099077] [BPT sm157099077 osOSGB4522]]
    [[BPT sm157099445 osOSGB4262] [BPT sm157099077 osOSGB4522]]
    [[BPT osOSGB4303 sm157099077] [BPT sm157099077 osOSGB4522]]
    [[BPT sm157099077 osOSGB4276] [BPT osOSGB4299 sm157099077]]
    [[BPT sm157099077 osOSGB4299] [BPT osOSGB4299 sm157099077]]
    [[BPT sm157099077 osOSGB4288] [BPT osOSGB4299 sm157099077]]
    [[BPT sm157099077 osOSGB4525] [BPT osOSGB4299 sm157099077]]
    [[BPT osOSGB4288 sm157099077] [BPT sm157099077 osOSGB4276]]
    [[BPT osOSGB4276 sm157099077] [BPT sm157099077 osOSGB4276]]
    [[BPT osOSGB4303 sm157099077] [BPT sm157099077 osOSGB4276]]
    [[BPT sm157099445 osOSGB4262] [BPT osOSGB4262 sm157099445]]
    [[BPT sm184267132 osOSGB4291] [BPT osOSGB4291 sm184267132]]
    [[BPT osOSGB4288 sm157099077] [BPT sm157099077 osOSGB4299]]
    [[BPT osOSGB4276 sm157099077] [BPT sm157099077 osOSGB4299]]
    [[BPT osOSGB4303 sm157099077] [BPT sm157099077 osOSGB4299]]
    [[BPT sm157099077 osOSGB4288] [BPT osOSGB4288 sm157099077]]
    [[BPT sm157099077 osOSGB4525] [BPT osOSGB4288 sm157099077]]
    [[BPT osOSGB4276 sm157099077] [BPT sm157099077 osOSGB4288]]
    [[BPT osOSGB4303 sm157099077] [BPT sm157099077 osOSGB4288]]
    [[BPT osOSGB4276 sm157099077] [BPT sm157099077 osOSGB4525]]
    [[BPT sm157099445 osOSGB4262] [BPT sm157099077 osOSGB4525]]
    [[BPT osOSGB4303 sm157099077] [BPT sm157099077 osOSGB4525]]]
** Processing test_examples/owl/south/south_13.txt assumptions 8 premises 42
** Reasoner time:0.01
** Label computation time 0.0
** [[[BPT sm142345182 osOSGB2069] [BPT osOSGB2069 sm142345182]]
    [[BPT sm142345182 osOSGB2071] [BPT osOSGB2069 sm142345182]]
    [[BPT sm142345180 osOSGB2069] [BPT osOSGB2069 sm142345182]]
    [[BPT osOSGB2071 sm142345182] [BPT sm142345182 osOSGB2069]]
    [[BPT osOSGB2069 sm142345180] [BPT sm142345182 osOSGB2069]]
    [[BPT sm246607090 osOSGB2065] [BPT osOSGB2065 sm246607090]]
    [[BPT sm142345182 osOSGB2071] [BPT osOSGB2071 sm142345182]]
    [[BPT sm142345180 osOSGB2069] [BPT osOSGB2069 sm142345180]]]
** Processing test_examples/owl/south/south_14.txt assumptions 10 premises 26
** Reasoner time:0.02
** Label computation time 0.0
** [[[BPT osOSGB2669 sm191972367] [BPT sm191972367 osOSGB2669]]
    [[BPT sm191972368 osOSGB2666] [BPT osOSGB2666 sm191972368]]
    [[BPT sm191972368 osOSGB2668] [BPT osOSGB2666 sm191972368]]
    [[BPT osOSGB2665 sm191972373] [BPT sm191972373 osOSGB2665]]
    [[BPT osOSGB2668 sm191972368] [BPT sm191972368 osOSGB2666]]
    [[BPT sm191972368 osOSGB2668] [BPT sm191972368 osOSGB2666]]
    [[BPT sm191972370 osOSGB2222] [BPT osOSGB2222 sm191972370]]
    [[BPT sm191972368 osOSGB2668] [BPT osOSGB2668 sm191972368]]]
** Processing test_examples/owl/south/south_16.txt assumptions 2 premises 9
** Reasoner time:0.0
** Label computation time 0.0
** [[[BPT osOSGB3042 sm225402038] [BPT sm225402038 osOSGB3042]]]
** Processing test_examples/owl/south/south_17.txt assumptions 16 premises 108
** Reasoner time:0.03
** Label computation time 0.0
** [[[BPT sm183692904 osOSGB4859] [BPT osOSGB4859 sm183692904]]
    [[BPT sm183692910 osOSGB4859] [BPT osOSGB4859 sm183692904]]
    [[BPT osOSGB4856 sm183692905] [BPT sm183692905 osOSGB4856]]
    [[BPT sm183692908 osOSGB4864] [BPT osOSGB4864 sm183692908]]
    [[BPT sm183692904 osOSGB4859] [BPT osOSGB4859 sm183692910]]
    [[BPT sm183692910 osOSGB4859] [BPT osOSGB4859 sm183692910]]
    [[BPT sm183692909 osOSGB4861] [BPT osOSGB4861 sm183692909]]
    [[BPT osOSGB4862 sm183692906] [BPT sm183692906 osOSGB4862]]
    [[BPT sm183692911 osOSGB4863] [BPT osOSGB4863 sm183692911]]
    [[BPT osOSGB4857 sm183692914] [BPT sm183692914 osOSGB4857]]]
** Processing test_examples/owl/south/south_18.txt assumptions 4 premises 109
** Reasoner time:0.01
** Label computation time 0.0
** [[[BPT sm219763540 osOSGB907] [BPT osOSGB907 sm219763540]]
    [[BPT sm168802780 osOSGB908] [BPT osOSGB908 sm168802780]]]
** Processing test_examples/owl/south/south_19.txt assumptions 6 premises 92
** Reasoner time:0.02
** Label computation time 0.0
** [[[BPT sm190362741 osOSGB3659] [BPT osOSGB3659 sm190362741]]
    [[BPT sm190362739 osOSGB3047] [BPT osOSGB3047 sm190362739]]
    [[BPT sm190362745 osOSGB2231] [BPT osOSGB2231 sm190362745]]]
** Processing test_examples/owl/south/south_1.txt assumptions 6 premises 73
** Reasoner time:0.01
** Label computation time 0.0
** [[[BPT sm27891537 osOSGB1002] [BPT osOSGB1002 sm27891537]]
    [[BPT sm27891537 osOSGB701] [BPT osOSGB1002 sm27891537]]
    [[BPT osOSGB701 sm27891537] [BPT sm27891537 osOSGB1002]]
    [[BPT sm27891537 osOSGB701] [BPT osOSGB701 sm27891537]]
    [[BPT sm27896374 osOSGB701] [BPT osOSGB701 sm27891537]]
    [[BPT osOSGB701 sm27896374] [BPT sm27891537 osOSGB701]]
    [[BPT sm27896374 osOSGB701] [BPT osOSGB701 sm27896374]]]
** Processing test_examples/owl/south/south_20.txt assumptions 6 premises 16
** Reasoner time:0.0
** Label computation time 0.0
** [[[BPT sm190393756 osOSGB3319] [BPT osOSGB3319 sm190393756]]
    [[BPT sm190393756 osOSGB2219] [BPT osOSGB3319 sm190393756]]
    [[BPT osOSGB2219 sm190393756] [BPT sm190393756 osOSGB3319]]
    [[BPT osOSGB2219 sm190393752] [BPT sm190393752 osOSGB2219]]
    [[BPT osOSGB2219 sm190393756] [BPT sm190393752 osOSGB2219]]
    [[BPT sm190393756 osOSGB2219] [BPT osOSGB2219 sm190393752]]
    [[BPT osOSGB2219 sm190393756] [BPT sm190393756 osOSGB2219]]]
** Processing test_examples/owl/south/south_21.txt assumptions 6 premises 33
** Reasoner time:0.0
** Label computation time 0.0
** [[[BPT sm224636392 osOSGB3706] [BPT osOSGB3706 sm224636392]]
    [[BPT sm190362743 osOSGB3668] [BPT osOSGB3668 sm190362743]]
    [[BPT sm224638835 osOSGB3677] [BPT osOSGB3677 sm224638835]]]
** Processing test_examples/owl/south/south_22.txt assumptions 12 premises 97
** Reasoner time:0.03
** Label computation time 0.0
** [[[BPT sm168875960 osOSGB888] [BPT osOSGB888 sm168875960]]
    [[BPT sm168875962 osOSGB885] [BPT osOSGB885 sm168875962]]
    [[BPT sm168875963 osOSGB889] [BPT osOSGB889 sm168875963]]
    [[BPT sm168875959 osOSGB884] [BPT osOSGB884 sm168875959]]
    [[BPT osOSGB887 sm168875953] [BPT sm168875953 osOSGB887]]
    [[BPT sm168875957 osOSGB881] [BPT osOSGB881 sm168875957]]]
** Processing test_examples/owl/south/south_23.txt assumptions 4 premises 71
** Reasoner time:0.01
** Label computation time 0.0
** [[[BPT sm162608556 osOSGB2609] [BPT osOSGB2609 sm162608556]]
    [[BPT sm162608555 osOSGB2649] [BPT osOSGB2649 sm162608555]]]
** Processing test_examples/owl/south/south_24.txt assumptions 8 premises 1540
** Reasoner time:0.67
** Label computation time 0.0
** [[[BPT osOSGB4343 sm10522700] [BPT sm10522700 osOSGB4343]]
    [[BPT osOSGB4343 sm142891441] [BPT sm10522700 osOSGB4343]]
    [[BPT osOSGB2656 sm10522700] [BPT sm10522700 osOSGB4343]]
    [[BPT osOSGB2656 sm10522700] [BPT sm142891444 osOSGB2656]]
    [[BPT osOSGB2656 sm142891444] [BPT sm142891444 osOSGB2656]]
    [[BPT sm142891441 osOSGB4343] [BPT osOSGB4343 sm10522700]]
    [[BPT sm10522700 osOSGB2656] [BPT osOSGB4343 sm10522700]]
    [[BPT sm142891441 osOSGB4343] [BPT osOSGB4343 sm142891441]]
    [[BPT sm10522700 osOSGB2656] [BPT osOSGB2656 sm10522700]]
    [[BPT osOSGB2656 sm142891444] [BPT sm10522700 osOSGB2656]]]
** Processing test_examples/owl/south/south_25.txt assumptions 8 premises 16
** Reasoner time:0.01
** Label computation time 0.0
** [[[BPT sm225402034 osOSGB3030] [BPT osOSGB3030 sm225402034]]
    [[BPT sm225402034 osOSGB3033] [BPT osOSGB3030 sm225402034]]
    [[BPT osOSGB3033 sm225402034] [BPT sm225402034 osOSGB3030]]
    [[BPT sm225402046 osOSGB3034] [BPT osOSGB3034 sm225402046]]
    [[BPT sm225394094 osOSGB3032] [BPT osOSGB3032 sm225394094]]
    [[BPT osOSGB3033 sm225402034] [BPT sm225402034 osOSGB3033]]]
** Processing test_examples/owl/south/south_26.txt assumptions 12 premises 758
** Reasoner time:0.22
** Label computation time 0.0
** [[[BPT osOSGB4600 sm153481043] [BPT sm153481043 osOSGB4600]]
    [[BPT sm143044794 osOSGB4595] [BPT osOSGB4595 sm143044794]]
    [[BPT sm143044797 osOSGB4597] [BPT osOSGB4597 sm143044797]]
    [[BPT sm143044796 osOSGB2582] [BPT osOSGB2582 sm143044796]]
    [[BPT sm145965269 osOSGB4592] [BPT osOSGB4592 sm145965269]]
    [[BPT sm146620680 osOSGB4591] [BPT osOSGB4591 sm146620680]]]
** Processing test_examples/owl/south/south_2.txt assumptions 8 premises 632
** Reasoner time:0.12
** Label computation time 0.0
** [[[BPT osOSGB4850 sm183772281] [BPT sm183772281 osOSGB4850]]
    [[BPT osOSGB4848 sm183772281] [BPT sm183772281 osOSGB4850]]
    [[BPT sm183772281 osOSGB4848] [BPT osOSGB4850 sm183772281]]
    [[BPT sm183772281 osOSGB4848] [BPT osOSGB4848 sm183772281]]
    [[BPT sm153484861 osOSGB4822] [BPT osOSGB4822 sm153484861]]
    [[BPT sm183772279 osOSGB4843] [BPT osOSGB4843 sm183772279]]]
** Processing test_examples/owl/south/south_3.txt assumptions 4 premises 262
** Reasoner time:0.02
** Label computation time 0.0
** [[[BPT sm190393762 osOSGB3391] [BPT osOSGB3391 sm190393762]]
    [[BPT osOSGB3385 sm190393731] [BPT sm190393731 osOSGB3385]]]
** Processing test_examples/owl/south/south_4.txt assumptions 22 premises 112
** Reasoner time:0.08
** Label computation time 0.01
** [[[BPT osOSGB3848 sm190393781] [BPT sm190393781 osOSGB3281]]
    [[BPT osOSGB3366 sm190393781] [BPT sm190393781 osOSGB3281]]
    [[BPT osOSGB3355 sm190393781] [BPT sm190393781 osOSGB3281]]
    [[BPT osOSGB3362 sm190393781] [BPT sm190393781 osOSGB3281]]
    [[BPT osOSGB3279 sm190393781] [BPT sm190393781 osOSGB3281]]
    [[BPT osOSGB3368 sm190393781] [BPT sm190393781 osOSGB3281]]
    [[BPT osOSGB3281 sm190393781] [BPT sm190393781 osOSGB3281]]
    [[BPT osOSGB3364 sm190393781] [BPT sm190393781 osOSGB3281]]
    [[BPT osOSGB3281 sm190393789] [BPT sm190393781 osOSGB3281]]
    [[BPT sm190393781 osOSGB3366] [BPT osOSGB3848 sm190393781]]
    [[BPT sm190393781 osOSGB3279] [BPT osOSGB3848 sm190393781]]
    [[BPT sm190393781 osOSGB3355] [BPT osOSGB3848 sm190393781]]
    [[BPT sm190393781 osOSGB3362] [BPT osOSGB3848 sm190393781]]
    [[BPT sm190393781 osOSGB3848] [BPT osOSGB3848 sm190393781]]
    [[BPT sm190393781 osOSGB3368] [BPT osOSGB3848 sm190393781]]
    [[BPT sm190393781 osOSGB3364] [BPT osOSGB3848 sm190393781]]
    [[BPT sm190393781 osOSGB3366] [BPT osOSGB3366 sm190393781]]
    [[BPT sm190393781 osOSGB3279] [BPT osOSGB3366 sm190393781]]
    [[BPT sm190393781 osOSGB3355] [BPT osOSGB3366 sm190393781]]
    [[BPT sm190393781 osOSGB3362] [BPT osOSGB3366 sm190393781]]
    [[BPT sm190393781 osOSGB3848] [BPT osOSGB3366 sm190393781]]
    [[BPT sm190393734 osOSGB3366] [BPT osOSGB3366 sm190393781]]
    [[BPT sm190393781 osOSGB3368] [BPT osOSGB3366 sm190393781]]
    [[BPT sm190393781 osOSGB3364] [BPT osOSGB3366 sm190393781]]
    [[BPT osOSGB3355 sm190393781] [BPT sm190393781 osOSGB3366]]
    [[BPT osOSGB3366 sm190393734] [BPT sm190393781 osOSGB3366]]
    [[BPT osOSGB3362 sm190393781] [BPT sm190393781 osOSGB3366]]
    [[BPT osOSGB3279 sm190393781] [BPT sm190393781 osOSGB3366]]
    [[BPT osOSGB3368 sm190393781] [BPT sm190393781 osOSGB3366]]
    [[BPT osOSGB3281 sm190393781] [BPT sm190393781 osOSGB3366]]
    [[BPT osOSGB3364 sm190393781] [BPT sm190393781 osOSGB3366]]
    [[BPT osOSGB3355 sm190393781] [BPT sm190393781 osOSGB3279]]
    [[BPT osOSGB3362 sm190393781] [BPT sm190393781 osOSGB3279]]
    [[BPT osOSGB3279 sm190393781] [BPT sm190393781 osOSGB3279]]
    [[BPT osOSGB3368 sm190393781] [BPT sm190393781 osOSGB3279]]
    [[BPT osOSGB3281 sm190393781] [BPT sm190393781 osOSGB3279]]
    [[BPT osOSGB3364 sm190393781] [BPT sm190393781 osOSGB3279]]
    [[BPT osOSGB3279 sm190393760] [BPT sm190393781 osOSGB3279]]
    [[BPT osOSGB3355 sm190393781] [BPT sm190393781 osOSGB3355]]
    [[BPT osOSGB3362 sm190393781] [BPT sm190393781 osOSGB3355]]
    [[BPT osOSGB3279 sm190393781] [BPT sm190393781 osOSGB3355]]
    [[BPT osOSGB3368 sm190393781] [BPT sm190393781 osOSGB3355]]
    [[BPT osOSGB3281 sm190393781] [BPT sm190393781 osOSGB3355]]
    [[BPT osOSGB3364 sm190393781] [BPT sm190393781 osOSGB3355]]
    [[BPT osOSGB3355 sm190393781] [BPT sm190393781 osOSGB3362]]
    [[BPT osOSGB3362 sm190393781] [BPT sm190393781 osOSGB3362]]
    [[BPT osOSGB3279 sm190393781] [BPT sm190393781 osOSGB3362]]
    [[BPT osOSGB3368 sm190393781] [BPT sm190393781 osOSGB3362]]
    [[BPT osOSGB3281 sm190393781] [BPT sm190393781 osOSGB3362]]
    [[BPT osOSGB3364 sm190393781] [BPT sm190393781 osOSGB3362]]
    [[BPT sm190393781 osOSGB3848] [BPT osOSGB3355 sm190393781]]
    [[BPT sm190393781 osOSGB3368] [BPT osOSGB3355 sm190393781]]
    [[BPT sm190393781 osOSGB3364] [BPT osOSGB3355 sm190393781]]
    [[BPT osOSGB3362 sm190393781] [BPT sm190393781 osOSGB3848]]
    [[BPT osOSGB3279 sm190393781] [BPT sm190393781 osOSGB3848]]
    [[BPT osOSGB3368 sm190393781] [BPT sm190393781 osOSGB3848]]
    [[BPT osOSGB3281 sm190393781] [BPT sm190393781 osOSGB3848]]
    [[BPT osOSGB3364 sm190393781] [BPT sm190393781 osOSGB3848]]
    [[BPT sm190393734 osOSGB3366] [BPT osOSGB3366 sm190393734]]
    [[BPT sm190393781 osOSGB3368] [BPT osOSGB3362 sm190393781]]
    [[BPT sm190393781 osOSGB3364] [BPT osOSGB3362 sm190393781]]
    [[BPT sm190393760 osOSGB3279] [BPT osOSGB3279 sm190393781]]
    [[BPT sm190393781 osOSGB3368] [BPT osOSGB3279 sm190393781]]
    [[BPT sm190393781 osOSGB3364] [BPT osOSGB3279 sm190393781]]
    [[BPT osOSGB3279 sm190393760] [BPT sm190393760 osOSGB3279]]
    [[BPT osOSGB3368 sm190393781] [BPT sm190393781 osOSGB3368]]
    [[BPT osOSGB3281 sm190393781] [BPT sm190393781 osOSGB3368]]
    [[BPT osOSGB3364 sm190393781] [BPT sm190393781 osOSGB3368]]
    [[BPT sm190393781 osOSGB3364] [BPT osOSGB3368 sm190393781]]
    [[BPT sm190393789 osOSGB3281] [BPT osOSGB3281 sm190393781]]
    [[BPT sm190393781 osOSGB3364] [BPT osOSGB3281 sm190393781]]
    [[BPT sm190393781 osOSGB3364] [BPT osOSGB3364 sm190393781]]
    [[BPT osOSGB3281 sm190393789] [BPT sm190393789 osOSGB3281]]]
** Processing test_examples/owl/south/south_5.txt assumptions 4 premises 30
** Reasoner time:0.01
** Label computation time 0.0
** [[[BPT sm225402027 osOSGB3037] [BPT osOSGB3037 sm225402027]]
    [[BPT sm225402036 osOSGB3038] [BPT osOSGB3038 sm225402036]]]
** Processing test_examples/owl/south/south_6.txt assumptions 14 premises 142
** Reasoner time:0.03
** Label computation time 0.0
** [[[BPT sm113443652 osOSGB4304] [BPT osOSGB4304 sm113443652]]
    [[BPT sm168802134 osOSGB4284] [BPT osOSGB4284 sm168802134]]
    [[BPT sm168802135 osOSGB4448] [BPT osOSGB4448 sm168802135]]
    [[BPT sm168802132 osOSGB4289] [BPT osOSGB4289 sm168802132]]
    [[BPT osOSGB3252 sm168802130] [BPT sm168802130 osOSGB3252]]
    [[BPT sm168802133 osOSGB4296] [BPT osOSGB4296 sm168802133]]
    [[BPT osOSGB4286 sm168802131] [BPT sm168802131 osOSGB4286]]]
** Processing test_examples/owl/south/south_7.txt assumptions 14 premises 1133
** Reasoner time:0.43
** Label computation time 0.01
** [[[BPT sm27286086 osOSGB3890] [BPT osOSGB3890 sm27286086]]
    [[BPT sm181509342 osOSGB4307] [BPT osOSGB4307 sm181509342]]
    [[BPT sm181509348 osOSGB4575] [BPT osOSGB4575 sm181509348]]
    [[BPT osOSGB4574 sm181509343] [BPT sm181509343 osOSGB4574]]
    [[BPT osOSGB4322 sm153483398] [BPT sm153483398 osOSGB4322]]
    [[BPT sm181509344 osOSGB4577] [BPT osOSGB4577 sm181509344]]
    [[BPT osOSGB4311 sm181509350] [BPT sm181509350 osOSGB4311]]]
** Processing test_examples/owl/south/south_8.txt assumptions 18 premises 626
** Reasoner time:0.46
** Label computation time 0.0
** [[[BPT sm10522344 osOSGB3197] [BPT osOSGB3197 sm10522344]]
    [[BPT sm10522344 osOSGB3203] [BPT osOSGB3197 sm10522344]]
    [[BPT sm10522344 osOSGB3188] [BPT osOSGB3197 sm10522344]]
    [[BPT osOSGB3203 sm10522344] [BPT sm10522344 osOSGB3197]]
    [[BPT osOSGB3188 sm10522344] [BPT sm10522344 osOSGB3197]]
    [[BPT sm10522344 osOSGB3203] [BPT osOSGB3203 sm10522344]]
    [[BPT sm10522344 osOSGB3188] [BPT osOSGB3203 sm10522344]]
    [[BPT sm153481047 osOSGB2605] [BPT osOSGB2605 sm153481047]]
    [[BPT sm153481045 osOSGB2575] [BPT sm153481047 osOSGB2605]]
    [[BPT osOSGB3188 sm10522344] [BPT sm10522344 osOSGB3203]]
    [[BPT osOSGB3188 sm10522344] [BPT sm10522344 osOSGB3188]]
    [[BPT sm153481042 osOSGB2602] [BPT osOSGB2602 sm153481042]]
    [[BPT sm153481050 osOSGB2606] [BPT osOSGB2606 sm153481050]]
    [[BPT sm153481045 osOSGB2575] [BPT sm153481050 osOSGB2606]]
    [[BPT osOSGB2590 sm146618372] [BPT sm146618372 osOSGB2590]]
    [[BPT sm153481045 osOSGB2607] [BPT osOSGB2575 sm153481045]]
    [[BPT sm153481045 osOSGB2575] [BPT osOSGB2575 sm153481045]]
    [[BPT sm153481045 osOSGB2607] [BPT osOSGB2607 sm153481045]]
    [[BPT sm153481045 osOSGB2575] [BPT osOSGB2607 sm153481045]]
    [[BPT sm153481045 osOSGB2575] [BPT sm153481045 osOSGB2607]]
    [[BPT sm153481042 osOSGB2602] [BPT sm153481045 osOSGB2575]]]
** Processing test_examples/owl/south/south_9.txt assumptions 76 premises 494
** Reasoner time:3.81
** Label computation time 17.06
** [[[BPT sm171779228 osOSGB3055] [BPT osOSGB3055 sm171779228]]
    [[BPT sm171779229 osOSGB3055] [BPT osOSGB3055 sm171779228]]
    [[BPT osOSGB3055 sm171779229] [BPT sm171779228 osOSGB3055]]
    [[BPT sm171779229 osOSGB3052] [BPT osOSGB3052 sm171779229]]
    [[BPT sm171779229 osOSGB1794] [BPT osOSGB3052 sm171779229]]
    [[BPT sm171779229 osOSGB3071] [BPT osOSGB3052 sm171779229]]
    [[BPT sm171779229 osOSGB3055] [BPT osOSGB3052 sm171779229]]
    [[BPT sm171779229 osOSGB3070] [BPT osOSGB3052 sm171779229]]
    [[BPT sm171779229 osOSGB3063] [BPT osOSGB3052 sm171779229]]
    [[BPT sm171779229 osOSGB3072] [BPT osOSGB3052 sm171779229]]
    [[BPT sm171779229 osOSGB3016] [BPT osOSGB3052 sm171779229]]
    [[BPT sm171779229 osOSGB3053] [BPT osOSGB3052 sm171779229]]
    [[BPT sm171779229 osOSGB3068] [BPT osOSGB3052 sm171779229]]
    [[BPT sm171779229 osOSGB3065] [BPT osOSGB3052 sm171779229]]
    [[BPT sm171779229 osOSGB3002] [BPT osOSGB3052 sm171779229]]
    [[BPT sm171779229 osOSGB3066] [BPT osOSGB3052 sm171779229]]
    [[BPT sm171779229 osOSGB3061] [BPT osOSGB3052 sm171779229]]
    [[BPT sm171779229 osOSGB3059] [BPT osOSGB3052 sm171779229]]
    [[BPT sm171779229 osOSGB3062] [BPT osOSGB3052 sm171779229]]
    [[BPT sm171779229 osOSGB3060] [BPT osOSGB3052 sm171779229]]
    [[BPT sm171779229 osOSGB3069] [BPT osOSGB3052 sm171779229]]
    [[BPT sm171779229 osOSGB3058] [BPT osOSGB3052 sm171779229]]
    [[BPT sm171779229 osOSGB3054] [BPT osOSGB3052 sm171779229]]
    [[BPT sm171779229 osOSGB3056] [BPT osOSGB3052 sm171779229]]
    [[BPT osOSGB1794 sm171779229] [BPT sm171779229 osOSGB3052]]
    [[BPT osOSGB3068 sm171779229] [BPT sm171779229 osOSGB3052]]
    [[BPT osOSGB3071 sm171779229] [BPT sm171779229 osOSGB3052]]
    [[BPT sm171779229 osOSGB3071] [BPT sm171779229 osOSGB3052]]
    [[BPT osOSGB3065 sm171779229] [BPT sm171779229 osOSGB3052]]
    [[BPT osOSGB3055 sm171779229] [BPT sm171779229 osOSGB3052]]
    [[BPT osOSGB3063 sm171779229] [BPT sm171779229 osOSGB3052]]
    [[BPT osOSGB3070 sm171779229] [BPT sm171779229 osOSGB3052]]
    [[BPT osOSGB3069 sm171779229] [BPT sm171779229 osOSGB3052]]
    [[BPT osOSGB3060 sm171779229] [BPT sm171779229 osOSGB3052]]
    [[BPT osOSGB3072 sm171779229] [BPT sm171779229 osOSGB3052]]
    [[BPT sm171779229 osOSGB3072] [BPT sm171779229 osOSGB3052]]
    [[BPT osOSGB3016 sm171779229] [BPT sm171779229 osOSGB3052]]
    [[BPT osOSGB3056 sm171779229] [BPT sm171779229 osOSGB3052]]
    [[BPT osOSGB3002 sm171779229] [BPT sm171779229 osOSGB3052]]
    [[BPT sm171779905 osOSGB3072] [BPT sm171779229 osOSGB3052]]
    [[BPT osOSGB3053 sm171779229] [BPT sm171779229 osOSGB3052]]
    [[BPT osOSGB3059 sm171779229] [BPT sm171779229 osOSGB3052]]
    [[BPT osOSGB3061 sm171779229] [BPT sm171779229 osOSGB3052]]
    [[BPT osOSGB3066 sm171779229] [BPT sm171779229 osOSGB3052]]
    [[BPT osOSGB3062 sm171779229] [BPT sm171779229 osOSGB3052]]
    [[BPT osOSGB3054 sm171779229] [BPT sm171779229 osOSGB3052]]
    [[BPT osOSGB3058 sm171779229] [BPT sm171779229 osOSGB3052]]
    [[BPT osOSGB1794 sm171779229] [BPT sm171779229 osOSGB1794]]
    [[BPT osOSGB3068 sm171779229] [BPT sm171779229 osOSGB1794]]
    [[BPT osOSGB3071 sm171779229] [BPT sm171779229 osOSGB1794]]
    [[BPT sm171779229 osOSGB3071] [BPT sm171779229 osOSGB1794]]
    [[BPT osOSGB3065 sm171779229] [BPT sm171779229 osOSGB1794]]
    [[BPT osOSGB3055 sm171779229] [BPT sm171779229 osOSGB1794]]
    [[BPT osOSGB3063 sm171779229] [BPT sm171779229 osOSGB1794]]
    [[BPT osOSGB3070 sm171779229] [BPT sm171779229 osOSGB1794]]
    [[BPT sm171779229 osOSGB3070] [BPT sm171779229 osOSGB1794]]
    [[BPT osOSGB3069 sm171779229] [BPT sm171779229 osOSGB1794]]
    [[BPT osOSGB3060 sm171779229] [BPT sm171779229 osOSGB1794]]
    [[BPT osOSGB3072 sm171779229] [BPT sm171779229 osOSGB1794]]
    [[BPT sm171779229 osOSGB3072] [BPT sm171779229 osOSGB1794]]
    [[BPT osOSGB3016 sm171779229] [BPT sm171779229 osOSGB1794]]
    [[BPT sm171779229 osOSGB3068] [BPT sm171779229 osOSGB1794]]
    [[BPT osOSGB3056 sm171779229] [BPT sm171779229 osOSGB1794]]
    [[BPT sm171779229 osOSGB3065] [BPT sm171779229 osOSGB1794]]
    [[BPT osOSGB3002 sm171779229] [BPT sm171779229 osOSGB1794]]
    [[BPT sm171779229 osOSGB3066] [BPT sm171779229 osOSGB1794]]
    [[BPT sm171779905 osOSGB3072] [BPT sm171779229 osOSGB1794]]
    [[BPT osOSGB3053 sm171779229] [BPT sm171779229 osOSGB1794]]
    [[BPT osOSGB3059 sm171779229] [BPT sm171779229 osOSGB1794]]
    [[BPT osOSGB3061 sm171779229] [BPT sm171779229 osOSGB1794]]
    [[BPT osOSGB3066 sm171779229] [BPT sm171779229 osOSGB1794]]
    [[BPT osOSGB3062 sm171779229] [BPT sm171779229 osOSGB1794]]
    [[BPT osOSGB3054 sm171779229] [BPT sm171779229 osOSGB1794]]
    [[BPT sm171779229 osOSGB3069] [BPT sm171779229 osOSGB1794]]
    [[BPT osOSGB3058 sm171779229] [BPT sm171779229 osOSGB1794]]
    [[BPT sm171779229 osOSGB3071] [BPT osOSGB1794 sm171779229]]
    [[BPT sm171779229 osOSGB3055] [BPT osOSGB1794 sm171779229]]
    [[BPT sm171779229 osOSGB3070] [BPT osOSGB1794 sm171779229]]
    [[BPT sm171779229 osOSGB3063] [BPT osOSGB1794 sm171779229]]
    [[BPT sm171779229 osOSGB3072] [BPT osOSGB1794 sm171779229]]
    [[BPT sm171779229 osOSGB3016] [BPT osOSGB1794 sm171779229]]
    [[BPT sm171779229 osOSGB3053] [BPT osOSGB1794 sm171779229]]
    [[BPT sm171779229 osOSGB3068] [BPT osOSGB1794 sm171779229]]
    [[BPT sm171779229 osOSGB3065] [BPT osOSGB1794 sm171779229]]
    [[BPT sm171779229 osOSGB3002] [BPT osOSGB1794 sm171779229]]
    [[BPT sm171779229 osOSGB3066] [BPT osOSGB1794 sm171779229]]
    [[BPT sm171779229 osOSGB3061] [BPT osOSGB1794 sm171779229]]
    [[BPT sm171779229 osOSGB3059] [BPT osOSGB1794 sm171779229]]
    [[BPT sm171779229 osOSGB3062] [BPT osOSGB1794 sm171779229]]
    [[BPT sm171779229 osOSGB3060] [BPT osOSGB1794 sm171779229]]
    [[BPT sm171779229 osOSGB3069] [BPT osOSGB1794 sm171779229]]
    [[BPT sm171779229 osOSGB3058] [BPT osOSGB1794 sm171779229]]
    [[BPT sm171779229 osOSGB3054] [BPT osOSGB1794 sm171779229]]
    [[BPT sm171779229 osOSGB3056] [BPT osOSGB1794 sm171779229]]
    [[BPT osOSGB3065 sm171779229] [BPT sm171773757 osOSGB3065]]
    [[BPT osOSGB3065 sm171773757] [BPT sm171773757 osOSGB3065]]
    [[BPT sm171779229 osOSGB3071] [BPT osOSGB3068 sm171779229]]
    [[BPT sm171775406 osOSGB3068] [BPT osOSGB3068 sm171779229]]
    [[BPT sm171779229 osOSGB3055] [BPT osOSGB3068 sm171779229]]
    [[BPT sm171779229 osOSGB3070] [BPT osOSGB3068 sm171779229]]
    [[BPT osOSGB3071 sm171775407] [BPT osOSGB3068 sm171779229]]
    [[BPT sm171779229 osOSGB3063] [BPT osOSGB3068 sm171779229]]
    [[BPT sm171779229 osOSGB3072] [BPT osOSGB3068 sm171779229]]
    [[BPT sm171779229 osOSGB3016] [BPT osOSGB3068 sm171779229]]
    [[BPT sm171779229 osOSGB3053] [BPT osOSGB3068 sm171779229]]
    [[BPT osOSGB3070 sm171775402] [BPT osOSGB3068 sm171779229]]
    [[BPT sm171779229 osOSGB3068] [BPT osOSGB3068 sm171779229]]
    [[BPT osOSGB3072 sm171775403] [BPT osOSGB3068 sm171779229]]
    [[BPT sm171779229 osOSGB3065] [BPT osOSGB3068 sm171779229]]
    [[BPT sm171779229 osOSGB3002] [BPT osOSGB3068 sm171779229]]
    [[BPT sm171779229 osOSGB3066] [BPT osOSGB3068 sm171779229]]
    [[BPT sm171779229 osOSGB3061] [BPT osOSGB3068 sm171779229]]
    [[BPT sm171779229 osOSGB3059] [BPT osOSGB3068 sm171779229]]
    [[BPT sm171779229 osOSGB3062] [BPT osOSGB3068 sm171779229]]
    [[BPT sm171779229 osOSGB3060] [BPT osOSGB3068 sm171779229]]
    [[BPT sm171779229 osOSGB3069] [BPT osOSGB3068 sm171779229]]
    [[BPT sm171779229 osOSGB3058] [BPT osOSGB3068 sm171779229]]
    [[BPT sm171779229 osOSGB3054] [BPT osOSGB3068 sm171779229]]
    [[BPT sm171779229 osOSGB3056] [BPT osOSGB3068 sm171779229]]
    [[BPT sm171779229 osOSGB3071] [BPT osOSGB3071 sm171779229]]
    [[BPT sm171779229 osOSGB3055] [BPT osOSGB3071 sm171779229]]
    [[BPT sm171779229 osOSGB3070] [BPT osOSGB3071 sm171779229]]
    [[BPT osOSGB3071 sm171775407] [BPT osOSGB3071 sm171779229]]
    [[BPT sm171775407 osOSGB3071] [BPT osOSGB3071 sm171779229]]
    [[BPT sm171779229 osOSGB3063] [BPT osOSGB3071 sm171779229]]
    [[BPT sm171779229 osOSGB3072] [BPT osOSGB3071 sm171779229]]
    [[BPT sm171779229 osOSGB3016] [BPT osOSGB3071 sm171779229]]
    [[BPT sm171779229 osOSGB3053] [BPT osOSGB3071 sm171779229]]
    [[BPT osOSGB3070 sm171775402] [BPT osOSGB3071 sm171779229]]
    [[BPT sm171779229 osOSGB3068] [BPT osOSGB3071 sm171779229]]
    [[BPT osOSGB3072 sm171775403] [BPT osOSGB3071 sm171779229]]
    [[BPT sm171779229 osOSGB3065] [BPT osOSGB3071 sm171779229]]
    [[BPT sm171779229 osOSGB3002] [BPT osOSGB3071 sm171779229]]
    [[BPT sm171779229 osOSGB3066] [BPT osOSGB3071 sm171779229]]
    [[BPT sm171779229 osOSGB3061] [BPT osOSGB3071 sm171779229]]
    [[BPT sm171779229 osOSGB3059] [BPT osOSGB3071 sm171779229]]
    [[BPT sm171779229 osOSGB3062] [BPT osOSGB3071 sm171779229]]
    [[BPT sm171779229 osOSGB3060] [BPT osOSGB3071 sm171779229]]
    [[BPT sm171779229 osOSGB3069] [BPT osOSGB3071 sm171779229]]
    [[BPT sm171779229 osOSGB3058] [BPT osOSGB3071 sm171779229]]
    [[BPT sm171779229 osOSGB3054] [BPT osOSGB3071 sm171779229]]
    [[BPT sm171779229 osOSGB3056] [BPT osOSGB3071 sm171779229]]
    [[BPT osOSGB3065 sm171779229] [BPT sm171779229 osOSGB3071]]
    [[BPT osOSGB3055 sm171779229] [BPT sm171779229 osOSGB3071]]
    [[BPT osOSGB3063 sm171779229] [BPT sm171779229 osOSGB3071]]
    [[BPT osOSGB3070 sm171779229] [BPT sm171779229 osOSGB3071]]
    [[BPT osOSGB3069 sm171779229] [BPT sm171779229 osOSGB3071]]
    [[BPT osOSGB3071 sm171775407] [BPT sm171779229 osOSGB3071]]
    [[BPT osOSGB3060 sm171779229] [BPT sm171779229 osOSGB3071]]
    [[BPT osOSGB3072 sm171779229] [BPT sm171779229 osOSGB3071]]
    [[BPT osOSGB3016 sm171779229] [BPT sm171779229 osOSGB3071]]
    [[BPT sm171779229 osOSGB3016] [BPT sm171779229 osOSGB3071]]
    [[BPT osOSGB3056 sm171779229] [BPT sm171779229 osOSGB3071]]
    [[BPT osOSGB3002 sm171779229] [BPT sm171779229 osOSGB3071]]
    [[BPT sm171779905 osOSGB3002] [BPT sm171779229 osOSGB3071]]
    [[BPT sm171779229 osOSGB3002] [BPT sm171779229 osOSGB3071]]
    [[BPT osOSGB3053 sm171779229] [BPT sm171779229 osOSGB3071]]
    [[BPT osOSGB3059 sm171779229] [BPT sm171779229 osOSGB3071]]
    [[BPT osOSGB3061 sm171779229] [BPT sm171779229 osOSGB3071]]
    [[BPT osOSGB3066 sm171779229] [BPT sm171779229 osOSGB3071]]
    [[BPT osOSGB3062 sm171779229] [BPT sm171779229 osOSGB3071]]
    [[BPT osOSGB3054 sm171779229] [BPT sm171779229 osOSGB3071]]
    [[BPT osOSGB3058 sm171779229] [BPT sm171779229 osOSGB3071]]
    [[BPT osOSGB3068 sm171775406] [BPT sm171775406 osOSGB3068]]
    [[BPT sm171779229 osOSGB3055] [BPT osOSGB3065 sm171779229]]
    [[BPT sm171779229 osOSGB3070] [BPT osOSGB3065 sm171779229]]
    [[BPT osOSGB3071 sm171775407] [BPT osOSGB3065 sm171779229]]
    [[BPT sm171779229 osOSGB3063] [BPT osOSGB3065 sm171779229]]
    [[BPT sm171779229 osOSGB3072] [BPT osOSGB3065 sm171779229]]
    [[BPT sm171779229 osOSGB3016] [BPT osOSGB3065 sm171779229]]
    [[BPT sm171779229 osOSGB3053] [BPT osOSGB3065 sm171779229]]
    [[BPT osOSGB3070 sm171775402] [BPT osOSGB3065 sm171779229]]
    [[BPT sm171779229 osOSGB3068] [BPT osOSGB3065 sm171779229]]
    [[BPT osOSGB3072 sm171775403] [BPT osOSGB3065 sm171779229]]
    [[BPT sm171779229 osOSGB3065] [BPT osOSGB3065 sm171779229]]
    [[BPT sm171779229 osOSGB3002] [BPT osOSGB3065 sm171779229]]
    [[BPT sm171779229 osOSGB3066] [BPT osOSGB3065 sm171779229]]
    [[BPT sm171779229 osOSGB3061] [BPT osOSGB3065 sm171779229]]
    [[BPT sm171779229 osOSGB3059] [BPT osOSGB3065 sm171779229]]
    [[BPT sm171779229 osOSGB3062] [BPT osOSGB3065 sm171779229]]
    [[BPT sm171779229 osOSGB3060] [BPT osOSGB3065 sm171779229]]
    [[BPT sm171779229 osOSGB3069] [BPT osOSGB3065 sm171779229]]
    [[BPT sm171779229 osOSGB3058] [BPT osOSGB3065 sm171779229]]
    [[BPT sm171779229 osOSGB3054] [BPT osOSGB3065 sm171779229]]
    [[BPT sm171779229 osOSGB3056] [BPT osOSGB3065 sm171779229]]
    [[BPT osOSGB3054 sm171779227] [BPT sm171779227 osOSGB3054]]
    [[BPT osOSGB3054 sm171779229] [BPT sm171779227 osOSGB3054]]
    [[BPT sm171779229 osOSGB3055] [BPT osOSGB3055 sm171779229]]
    [[BPT sm171779229 osOSGB3070] [BPT osOSGB3055 sm171779229]]
    [[BPT sm171779229 osOSGB3063] [BPT osOSGB3055 sm171779229]]
    [[BPT sm171779229 osOSGB3072] [BPT osOSGB3055 sm171779229]]
    [[BPT sm171779229 osOSGB3016] [BPT osOSGB3055 sm171779229]]
    [[BPT sm171779229 osOSGB3053] [BPT osOSGB3055 sm171779229]]
    [[BPT sm171779229 osOSGB3068] [BPT osOSGB3055 sm171779229]]
    [[BPT sm171779229 osOSGB3065] [BPT osOSGB3055 sm171779229]]
    [[BPT sm171779229 osOSGB3002] [BPT osOSGB3055 sm171779229]]
    [[BPT sm171779229 osOSGB3066] [BPT osOSGB3055 sm171779229]]
    [[BPT sm171779229 osOSGB3061] [BPT osOSGB3055 sm171779229]]
    [[BPT sm171779229 osOSGB3059] [BPT osOSGB3055 sm171779229]]
    [[BPT sm171779229 osOSGB3062] [BPT osOSGB3055 sm171779229]]
    [[BPT sm171779229 osOSGB3060] [BPT osOSGB3055 sm171779229]]
    [[BPT sm171779229 osOSGB3069] [BPT osOSGB3055 sm171779229]]
    [[BPT sm171779229 osOSGB3058] [BPT osOSGB3055 sm171779229]]
    [[BPT sm171779229 osOSGB3054] [BPT osOSGB3055 sm171779229]]
    [[BPT sm171779229 osOSGB3056] [BPT osOSGB3055 sm171779229]]
    [[BPT osOSGB3063 sm171779229] [BPT sm171779229 osOSGB3055]]
    [[BPT osOSGB3070 sm171779229] [BPT sm171779229 osOSGB3055]]
    [[BPT osOSGB3069 sm171779229] [BPT sm171779229 osOSGB3055]]
    [[BPT osOSGB3060 sm171779229] [BPT sm171779229 osOSGB3055]]
    [[BPT osOSGB3072 sm171779229] [BPT sm171779229 osOSGB3055]]
    [[BPT osOSGB3016 sm171779229] [BPT sm171779229 osOSGB3055]]
    [[BPT osOSGB3056 sm171779229] [BPT sm171779229 osOSGB3055]]
    [[BPT osOSGB3002 sm171779229] [BPT sm171779229 osOSGB3055]]
    [[BPT osOSGB3053 sm171779229] [BPT sm171779229 osOSGB3055]]
    [[BPT osOSGB3059 sm171779229] [BPT sm171779229 osOSGB3055]]
    [[BPT osOSGB3061 sm171779229] [BPT sm171779229 osOSGB3055]]
    [[BPT osOSGB3066 sm171779229] [BPT sm171779229 osOSGB3055]]
    [[BPT osOSGB3062 sm171779229] [BPT sm171779229 osOSGB3055]]
    [[BPT osOSGB3054 sm171779229] [BPT sm171779229 osOSGB3055]]
    [[BPT osOSGB3058 sm171779229] [BPT sm171779229 osOSGB3055]]
    [[BPT sm171779229 osOSGB3070] [BPT osOSGB3063 sm171779229]]
    [[BPT osOSGB3071 sm171775407] [BPT osOSGB3063 sm171779229]]
    [[BPT sm171779229 osOSGB3063] [BPT osOSGB3063 sm171779229]]
    [[BPT sm171779229 osOSGB3072] [BPT osOSGB3063 sm171779229]]
    [[BPT sm171779229 osOSGB3016] [BPT osOSGB3063 sm171779229]]
    [[BPT sm171779229 osOSGB3053] [BPT osOSGB3063 sm171779229]]
    [[BPT osOSGB3070 sm171775402] [BPT osOSGB3063 sm171779229]]
    [[BPT sm171779229 osOSGB3068] [BPT osOSGB3063 sm171779229]]
    [[BPT osOSGB3072 sm171775403] [BPT osOSGB3063 sm171779229]]
    [[BPT sm171779229 osOSGB3065] [BPT osOSGB3063 sm171779229]]
    [[BPT sm171779229 osOSGB3002] [BPT osOSGB3063 sm171779229]]
    [[BPT sm171779229 osOSGB3066] [BPT osOSGB3063 sm171779229]]
    [[BPT sm171779229 osOSGB3061] [BPT osOSGB3063 sm171779229]]
    [[BPT sm171779229 osOSGB3059] [BPT osOSGB3063 sm171779229]]
    [[BPT sm171773759 osOSGB3063] [BPT osOSGB3063 sm171779229]]
    [[BPT sm171779229 osOSGB3062] [BPT osOSGB3063 sm171779229]]
    [[BPT sm171779229 osOSGB3060] [BPT osOSGB3063 sm171779229]]
    [[BPT sm171779229 osOSGB3069] [BPT osOSGB3063 sm171779229]]
    [[BPT sm171779229 osOSGB3058] [BPT osOSGB3063 sm171779229]]
    [[BPT sm171779229 osOSGB3054] [BPT osOSGB3063 sm171779229]]
    [[BPT sm171779229 osOSGB3056] [BPT osOSGB3063 sm171779229]]
    [[BPT sm171779229 osOSGB3070] [BPT osOSGB3070 sm171779229]]
    [[BPT osOSGB3071 sm171775407] [BPT osOSGB3070 sm171779229]]
    [[BPT sm171779229 osOSGB3063] [BPT osOSGB3070 sm171779229]]
    [[BPT sm171779229 osOSGB3072] [BPT osOSGB3070 sm171779229]]
    [[BPT sm171779229 osOSGB3016] [BPT osOSGB3070 sm171779229]]
    [[BPT sm171779229 osOSGB3053] [BPT osOSGB3070 sm171779229]]
    [[BPT osOSGB3070 sm171775402] [BPT osOSGB3070 sm171779229]]
    [[BPT sm171779229 osOSGB3068] [BPT osOSGB3070 sm171779229]]
    [[BPT osOSGB3072 sm171775403] [BPT osOSGB3070 sm171779229]]
    [[BPT sm171779229 osOSGB3065] [BPT osOSGB3070 sm171779229]]
    [[BPT sm171779229 osOSGB3002] [BPT osOSGB3070 sm171779229]]
    [[BPT sm171777508 osOSGB3070] [BPT osOSGB3070 sm171779229]]
    [[BPT sm171779229 osOSGB3066] [BPT osOSGB3070 sm171779229]]
    [[BPT sm171779229 osOSGB3061] [BPT osOSGB3070 sm171779229]]
    [[BPT sm171775402 osOSGB3070] [BPT osOSGB3070 sm171779229]]
    [[BPT sm171779229 osOSGB3059] [BPT osOSGB3070 sm171779229]]
    [[BPT sm171779229 osOSGB3062] [BPT osOSGB3070 sm171779229]]
    [[BPT sm171779229 osOSGB3060] [BPT osOSGB3070 sm171779229]]
    [[BPT sm171779229 osOSGB3069] [BPT osOSGB3070 sm171779229]]
    [[BPT sm171779229 osOSGB3058] [BPT osOSGB3070 sm171779229]]
    [[BPT sm171779229 osOSGB3054] [BPT osOSGB3070 sm171779229]]
    [[BPT sm171779229 osOSGB3056] [BPT osOSGB3070 sm171779229]]
    [[BPT osOSGB3069 sm171779229] [BPT sm171779229 osOSGB3070]]
    [[BPT osOSGB3060 sm171779229] [BPT sm171779229 osOSGB3070]]
    [[BPT osOSGB3072 sm171779229] [BPT sm171779229 osOSGB3070]]
    [[BPT osOSGB3016 sm171779229] [BPT sm171779229 osOSGB3070]]
    [[BPT sm171779229 osOSGB3016] [BPT sm171779229 osOSGB3070]]
    [[BPT osOSGB3070 sm171775402] [BPT sm171779229 osOSGB3070]]
    [[BPT osOSGB3056 sm171779229] [BPT sm171779229 osOSGB3070]]
    [[BPT osOSGB3002 sm171779229] [BPT sm171779229 osOSGB3070]]
    [[BPT sm171779905 osOSGB3002] [BPT sm171779229 osOSGB3070]]
    [[BPT sm171779229 osOSGB3002] [BPT sm171779229 osOSGB3070]]
    [[BPT osOSGB3070 sm171777508] [BPT sm171779229 osOSGB3070]]
    [[BPT osOSGB3053 sm171779229] [BPT sm171779229 osOSGB3070]]
    [[BPT osOSGB3059 sm171779229] [BPT sm171779229 osOSGB3070]]
    [[BPT osOSGB3061 sm171779229] [BPT sm171779229 osOSGB3070]]
    [[BPT osOSGB3066 sm171779229] [BPT sm171779229 osOSGB3070]]
    [[BPT osOSGB3062 sm171779229] [BPT sm171779229 osOSGB3070]]
    [[BPT osOSGB3054 sm171779229] [BPT sm171779229 osOSGB3070]]
    [[BPT osOSGB3058 sm171779229] [BPT sm171779229 osOSGB3070]]
    [[BPT sm171779229 osOSGB3054] [BPT osOSGB3054 sm171779227]]
    [[BPT osOSGB3071 sm171775407] [BPT osOSGB3069 sm171779229]]
    [[BPT sm171779229 osOSGB3063] [BPT osOSGB3069 sm171779229]]
    [[BPT sm171779229 osOSGB3072] [BPT osOSGB3069 sm171779229]]
    [[BPT sm171779229 osOSGB3016] [BPT osOSGB3069 sm171779229]]
    [[BPT sm171779229 osOSGB3053] [BPT osOSGB3069 sm171779229]]
    [[BPT osOSGB3070 sm171775402] [BPT osOSGB3069 sm171779229]]
    [[BPT sm171779229 osOSGB3068] [BPT osOSGB3069 sm171779229]]
    [[BPT osOSGB3072 sm171775403] [BPT osOSGB3069 sm171779229]]
    [[BPT sm171779229 osOSGB3065] [BPT osOSGB3069 sm171779229]]
    [[BPT sm171779229 osOSGB3002] [BPT osOSGB3069 sm171779229]]
    [[BPT sm171779229 osOSGB3066] [BPT osOSGB3069 sm171779229]]
    [[BPT sm171779229 osOSGB3061] [BPT osOSGB3069 sm171779229]]
    [[BPT sm171779229 osOSGB3059] [BPT osOSGB3069 sm171779229]]
    [[BPT sm171779229 osOSGB3062] [BPT osOSGB3069 sm171779229]]
    [[BPT sm171779229 osOSGB3060] [BPT osOSGB3069 sm171779229]]
    [[BPT sm171779229 osOSGB3069] [BPT osOSGB3069 sm171779229]]
    [[BPT sm171779229 osOSGB3058] [BPT osOSGB3069 sm171779229]]
    [[BPT sm171779229 osOSGB3054] [BPT osOSGB3069 sm171779229]]
    [[BPT sm171779229 osOSGB3056] [BPT osOSGB3069 sm171779229]]
    [[BPT sm171775407 osOSGB3071] [BPT osOSGB3071 sm171775407]]
    [[BPT osOSGB3072 sm171779229] [BPT osOSGB3071 sm171775407]]
    [[BPT osOSGB3072 sm171779905] [BPT osOSGB3071 sm171775407]]
    [[BPT osOSGB3061 sm171779229] [BPT osOSGB3071 sm171775407]]
    [[BPT osOSGB3066 sm171779229] [BPT osOSGB3071 sm171775407]]
    [[BPT osOSGB3062 sm171779229] [BPT osOSGB3071 sm171775407]]
    [[BPT sm171773758 osOSGB3066] [BPT osOSGB3066 sm171773758]]
    [[BPT osOSGB3072 sm171779905] [BPT osOSGB3066 sm171773758]]
    [[BPT sm171779229 osOSGB3066] [BPT osOSGB3066 sm171773758]]
    [[BPT osOSGB3066 sm171779229] [BPT sm171773758 osOSGB3066]]
    [[BPT sm171779229 osOSGB3063] [BPT osOSGB3060 sm171779229]]
    [[BPT sm171779229 osOSGB3072] [BPT osOSGB3060 sm171779229]]
    [[BPT sm171779229 osOSGB3016] [BPT osOSGB3060 sm171779229]]
    [[BPT sm171779229 osOSGB3053] [BPT osOSGB3060 sm171779229]]
    [[BPT sm171779229 osOSGB3068] [BPT osOSGB3060 sm171779229]]
    [[BPT sm171779229 osOSGB3065] [BPT osOSGB3060 sm171779229]]
    [[BPT sm171779229 osOSGB3002] [BPT osOSGB3060 sm171779229]]
    [[BPT sm171779229 osOSGB3066] [BPT osOSGB3060 sm171779229]]
    [[BPT sm171779229 osOSGB3061] [BPT osOSGB3060 sm171779229]]
    [[BPT sm171779229 osOSGB3059] [BPT osOSGB3060 sm171779229]]
    [[BPT sm171779229 osOSGB3062] [BPT osOSGB3060 sm171779229]]
    [[BPT sm171779229 osOSGB3060] [BPT osOSGB3060 sm171779229]]
    [[BPT sm171777503 osOSGB3060] [BPT osOSGB3060 sm171779229]]
    [[BPT sm171779229 osOSGB3069] [BPT osOSGB3060 sm171779229]]
    [[BPT sm171779229 osOSGB3058] [BPT osOSGB3060 sm171779229]]
    [[BPT sm171779229 osOSGB3054] [BPT osOSGB3060 sm171779229]]
    [[BPT sm171779229 osOSGB3056] [BPT osOSGB3060 sm171779229]]
    [[BPT sm171777507 osOSGB3058] [BPT osOSGB3058 sm171777507]]
    [[BPT sm171779229 osOSGB3058] [BPT osOSGB3058 sm171777507]]
    [[BPT osOSGB3072 sm171779229] [BPT sm171779229 osOSGB3063]]
    [[BPT osOSGB3016 sm171779229] [BPT sm171779229 osOSGB3063]]
    [[BPT osOSGB3056 sm171779229] [BPT sm171779229 osOSGB3063]]
    [[BPT osOSGB3063 sm171773759] [BPT sm171779229 osOSGB3063]]
    [[BPT osOSGB3002 sm171779229] [BPT sm171779229 osOSGB3063]]
    [[BPT sm171779905 osOSGB3002] [BPT sm171779229 osOSGB3063]]
    [[BPT sm171779229 osOSGB3002] [BPT sm171779229 osOSGB3063]]
    [[BPT osOSGB3053 sm171779229] [BPT sm171779229 osOSGB3063]]
    [[BPT osOSGB3059 sm171779229] [BPT sm171779229 osOSGB3063]]
    [[BPT osOSGB3061 sm171779229] [BPT sm171779229 osOSGB3063]]
    [[BPT osOSGB3066 sm171779229] [BPT sm171779229 osOSGB3063]]
    [[BPT osOSGB3062 sm171779229] [BPT sm171779229 osOSGB3063]]
    [[BPT osOSGB3054 sm171779229] [BPT sm171779229 osOSGB3063]]
    [[BPT osOSGB3058 sm171779229] [BPT sm171779229 osOSGB3063]]
    [[BPT osOSGB3072 sm171779905] [BPT osOSGB3065 sm171773757]]
    [[BPT sm171779229 osOSGB3065] [BPT osOSGB3065 sm171773757]]
    [[BPT sm171777506 osOSGB3059] [BPT osOSGB3059 sm171777506]]
    [[BPT sm171779229 osOSGB3059] [BPT osOSGB3059 sm171777506]]
    [[BPT sm171779229 osOSGB3072] [BPT osOSGB3072 sm171779229]]
    [[BPT sm171779229 osOSGB3016] [BPT osOSGB3072 sm171779229]]
    [[BPT sm171779229 osOSGB3053] [BPT osOSGB3072 sm171779229]]
    [[BPT osOSGB3070 sm171775402] [BPT osOSGB3072 sm171779229]]
    [[BPT sm171779229 osOSGB3068] [BPT osOSGB3072 sm171779229]]
    [[BPT osOSGB3072 sm171775403] [BPT osOSGB3072 sm171779229]]
    [[BPT sm171775403 osOSGB3072] [BPT osOSGB3072 sm171779229]]
    [[BPT sm171779229 osOSGB3065] [BPT osOSGB3072 sm171779229]]
    [[BPT sm171779229 osOSGB3002] [BPT osOSGB3072 sm171779229]]
    [[BPT sm171779229 osOSGB3066] [BPT osOSGB3072 sm171779229]]
    [[BPT sm171779905 osOSGB3072] [BPT osOSGB3072 sm171779229]]
    [[BPT sm171779229 osOSGB3061] [BPT osOSGB3072 sm171779229]]
    [[BPT sm171779229 osOSGB3059] [BPT osOSGB3072 sm171779229]]
    [[BPT sm171779229 osOSGB3062] [BPT osOSGB3072 sm171779229]]
    [[BPT sm171779229 osOSGB3060] [BPT osOSGB3072 sm171779229]]
    [[BPT sm171779229 osOSGB3069] [BPT osOSGB3072 sm171779229]]
    [[BPT sm171779229 osOSGB3058] [BPT osOSGB3072 sm171779229]]
    [[BPT sm171779229 osOSGB3054] [BPT osOSGB3072 sm171779229]]
    [[BPT sm171779229 osOSGB3056] [BPT osOSGB3072 sm171779229]]
    [[BPT osOSGB3072 sm171779905] [BPT sm171779229 osOSGB3072]]
    [[BPT osOSGB3016 sm171779229] [BPT sm171779229 osOSGB3072]]
    [[BPT sm171779229 osOSGB3016] [BPT sm171779229 osOSGB3072]]
    [[BPT sm171779229 osOSGB3053] [BPT sm171779229 osOSGB3072]]
    [[BPT osOSGB3056 sm171779229] [BPT sm171779229 osOSGB3072]]
    [[BPT osOSGB3072 sm171775403] [BPT sm171779229 osOSGB3072]]
    [[BPT osOSGB3002 sm171779229] [BPT sm171779229 osOSGB3072]]
    [[BPT sm171779905 osOSGB3002] [BPT sm171779229 osOSGB3072]]
    [[BPT sm171779229 osOSGB3002] [BPT sm171779229 osOSGB3072]]
    [[BPT osOSGB3053 sm171779229] [BPT sm171779229 osOSGB3072]]
    [[BPT osOSGB3059 sm171779229] [BPT sm171779229 osOSGB3072]]
    [[BPT osOSGB3061 sm171779229] [BPT sm171779229 osOSGB3072]]
    [[BPT osOSGB3066 sm171779229] [BPT sm171779229 osOSGB3072]]
    [[BPT osOSGB3062 sm171779229] [BPT sm171779229 osOSGB3072]]
    [[BPT osOSGB3054 sm171779229] [BPT sm171779229 osOSGB3072]]
    [[BPT osOSGB3058 sm171779229] [BPT sm171779229 osOSGB3072]]
    [[BPT osOSGB3070 sm171775402] [BPT osOSGB3072 sm171779905]]
    [[BPT osOSGB3072 sm171775403] [BPT osOSGB3072 sm171779905]]
    [[BPT sm171775403 osOSGB3072] [BPT osOSGB3072 sm171779905]]
    [[BPT osOSGB3063 sm171773759] [BPT osOSGB3072 sm171779905]]
    [[BPT osOSGB3068 sm171775406] [BPT osOSGB3072 sm171779905]]
    [[BPT sm171779905 osOSGB3002] [BPT osOSGB3072 sm171779905]]
    [[BPT osOSGB3070 sm171777508] [BPT osOSGB3072 sm171779905]]
    [[BPT sm171779905 osOSGB3072] [BPT osOSGB3072 sm171779905]]
    [[BPT sm171779229 osOSGB3016] [BPT osOSGB3016 sm171779229]]
    [[BPT sm171779229 osOSGB3053] [BPT osOSGB3016 sm171779229]]
    [[BPT sm171779229 osOSGB3068] [BPT osOSGB3016 sm171779229]]
    [[BPT sm171779229 osOSGB3065] [BPT osOSGB3016 sm171779229]]
    [[BPT sm171779229 osOSGB3002] [BPT osOSGB3016 sm171779229]]
    [[BPT sm171779229 osOSGB3066] [BPT osOSGB3016 sm171779229]]
    [[BPT sm171779229 osOSGB3061] [BPT osOSGB3016 sm171779229]]
    [[BPT sm171779229 osOSGB3059] [BPT osOSGB3016 sm171779229]]
    [[BPT sm171779229 osOSGB3062] [BPT osOSGB3016 sm171779229]]
    [[BPT sm171779229 osOSGB3060] [BPT osOSGB3016 sm171779229]]
    [[BPT sm171779229 osOSGB3069] [BPT osOSGB3016 sm171779229]]
    [[BPT sm171779229 osOSGB3058] [BPT osOSGB3016 sm171779229]]
    [[BPT sm171779229 osOSGB3054] [BPT osOSGB3016 sm171779229]]
    [[BPT sm171779229 osOSGB3056] [BPT osOSGB3016 sm171779229]]
    [[BPT osOSGB3056 sm171779229] [BPT sm171779229 osOSGB3016]]
    [[BPT osOSGB3002 sm171779229] [BPT sm171779229 osOSGB3016]]
    [[BPT sm171779905 osOSGB3072] [BPT sm171779229 osOSGB3016]]
    [[BPT osOSGB3053 sm171779229] [BPT sm171779229 osOSGB3016]]
    [[BPT osOSGB3059 sm171779229] [BPT sm171779229 osOSGB3016]]
    [[BPT osOSGB3061 sm171779229] [BPT sm171779229 osOSGB3016]]
    [[BPT osOSGB3066 sm171779229] [BPT sm171779229 osOSGB3016]]
    [[BPT osOSGB3062 sm171779229] [BPT sm171779229 osOSGB3016]]
    [[BPT osOSGB3054 sm171779229] [BPT sm171779229 osOSGB3016]]
    [[BPT osOSGB3058 sm171779229] [BPT sm171779229 osOSGB3016]]
    [[BPT osOSGB3058 sm171779229] [BPT sm171777507 osOSGB3058]]
    [[BPT sm171777505 osOSGB3061] [BPT osOSGB3061 sm171777505]]
    [[BPT sm171779229 osOSGB3061] [BPT osOSGB3061 sm171777505]]
    [[BPT osOSGB3059 sm171779229] [BPT sm171777506 osOSGB3059]]
    [[BPT osOSGB3056 sm171779229] [BPT sm171779229 osOSGB3053]]
    [[BPT osOSGB3002 sm171779229] [BPT sm171779229 osOSGB3053]]
    [[BPT sm171779905 osOSGB3072] [BPT sm171779229 osOSGB3053]]
    [[BPT osOSGB3053 sm171779229] [BPT sm171779229 osOSGB3053]]
    [[BPT osOSGB3059 sm171779229] [BPT sm171779229 osOSGB3053]]
    [[BPT osOSGB3061 sm171779229] [BPT sm171779229 osOSGB3053]]
    [[BPT osOSGB3066 sm171779229] [BPT sm171779229 osOSGB3053]]
    [[BPT osOSGB3062 sm171779229] [BPT sm171779229 osOSGB3053]]
    [[BPT osOSGB3054 sm171779229] [BPT sm171779229 osOSGB3053]]
    [[BPT osOSGB3058 sm171779229] [BPT sm171779229 osOSGB3053]]
    [[BPT sm171777508 osOSGB3070] [BPT osOSGB3070 sm171775402]]
    [[BPT sm171775402 osOSGB3070] [BPT osOSGB3070 sm171775402]]
    [[BPT osOSGB3061 sm171779229] [BPT osOSGB3070 sm171775402]]
    [[BPT osOSGB3066 sm171779229] [BPT osOSGB3070 sm171775402]]
    [[BPT osOSGB3062 sm171779229] [BPT osOSGB3070 sm171775402]]
    [[BPT osOSGB3056 sm171779229] [BPT sm171779229 osOSGB3068]]
    [[BPT osOSGB3068 sm171775406] [BPT sm171779229 osOSGB3068]]
    [[BPT osOSGB3002 sm171779229] [BPT sm171779229 osOSGB3068]]
    [[BPT sm171779905 osOSGB3002] [BPT sm171779229 osOSGB3068]]
    [[BPT sm171779229 osOSGB3002] [BPT sm171779229 osOSGB3068]]
    [[BPT osOSGB3053 sm171779229] [BPT sm171779229 osOSGB3068]]
    [[BPT osOSGB3059 sm171779229] [BPT sm171779229 osOSGB3068]]
    [[BPT osOSGB3061 sm171779229] [BPT sm171779229 osOSGB3068]]
    [[BPT osOSGB3066 sm171779229] [BPT sm171779229 osOSGB3068]]
    [[BPT osOSGB3062 sm171779229] [BPT sm171779229 osOSGB3068]]
    [[BPT osOSGB3054 sm171779229] [BPT sm171779229 osOSGB3068]]
    [[BPT osOSGB3058 sm171779229] [BPT sm171779229 osOSGB3068]]
    [[BPT sm171779229 osOSGB3065] [BPT osOSGB3056 sm171779229]]
    [[BPT sm171779229 osOSGB3002] [BPT osOSGB3056 sm171779229]]
    [[BPT sm171779229 osOSGB3066] [BPT osOSGB3056 sm171779229]]
    [[BPT sm171779229 osOSGB3061] [BPT osOSGB3056 sm171779229]]
    [[BPT sm171779229 osOSGB3059] [BPT osOSGB3056 sm171779229]]
    [[BPT sm171779229 osOSGB3062] [BPT osOSGB3056 sm171779229]]
    [[BPT sm171779229 osOSGB3060] [BPT osOSGB3056 sm171779229]]
    [[BPT sm171779229 osOSGB3069] [BPT osOSGB3056 sm171779229]]
    [[BPT sm171779229 osOSGB3058] [BPT osOSGB3056 sm171779229]]
    [[BPT sm171779229 osOSGB3054] [BPT osOSGB3056 sm171779229]]
    [[BPT sm171778279 osOSGB3056] [BPT osOSGB3056 sm171779229]]
    [[BPT sm171779229 osOSGB3056] [BPT osOSGB3056 sm171779229]]
    [[BPT sm171775403 osOSGB3072] [BPT osOSGB3072 sm171775403]]
    [[BPT sm171779905 osOSGB3072] [BPT osOSGB3072 sm171775403]]
    [[BPT osOSGB3066 sm171779229] [BPT osOSGB3072 sm171775403]]
    [[BPT osOSGB3062 sm171779229] [BPT osOSGB3072 sm171775403]]
    [[BPT sm171773759 osOSGB3063] [BPT osOSGB3063 sm171773759]]
    [[BPT osOSGB3002 sm171779229] [BPT sm171779229 osOSGB3065]]
    [[BPT sm171779905 osOSGB3002] [BPT sm171779229 osOSGB3065]]
    [[BPT sm171779229 osOSGB3002] [BPT sm171779229 osOSGB3065]]
    [[BPT osOSGB3053 sm171779229] [BPT sm171779229 osOSGB3065]]
    [[BPT osOSGB3059 sm171779229] [BPT sm171779229 osOSGB3065]]
    [[BPT osOSGB3061 sm171779229] [BPT sm171779229 osOSGB3065]]
    [[BPT osOSGB3066 sm171779229] [BPT sm171779229 osOSGB3065]]
    [[BPT osOSGB3062 sm171779229] [BPT sm171779229 osOSGB3065]]
    [[BPT osOSGB3054 sm171779229] [BPT sm171779229 osOSGB3065]]
    [[BPT osOSGB3058 sm171779229] [BPT sm171779229 osOSGB3065]]
    [[BPT sm171779905 osOSGB3002] [BPT osOSGB3002 sm171779229]]
    [[BPT sm171779229 osOSGB3002] [BPT osOSGB3002 sm171779229]]
    [[BPT sm171779229 osOSGB3066] [BPT osOSGB3002 sm171779229]]
    [[BPT sm171779229 osOSGB3061] [BPT osOSGB3002 sm171779229]]
    [[BPT sm171779229 osOSGB3059] [BPT osOSGB3002 sm171779229]]
    [[BPT sm171779229 osOSGB3062] [BPT osOSGB3002 sm171779229]]
    [[BPT sm171779229 osOSGB3060] [BPT osOSGB3002 sm171779229]]
    [[BPT sm171779229 osOSGB3069] [BPT osOSGB3002 sm171779229]]
    [[BPT sm171779229 osOSGB3058] [BPT osOSGB3002 sm171779229]]
    [[BPT sm171779229 osOSGB3054] [BPT osOSGB3002 sm171779229]]
    [[BPT sm171779229 osOSGB3056] [BPT osOSGB3002 sm171779229]]
    [[BPT sm171779229 osOSGB3066] [BPT sm171779905 osOSGB3002]]
    [[BPT sm171779905 osOSGB3072] [BPT sm171779905 osOSGB3002]]
    [[BPT sm171779229 osOSGB3062] [BPT sm171779905 osOSGB3002]]
    [[BPT osOSGB3002 sm171779905] [BPT sm171779905 osOSGB3002]]
    [[BPT sm171779229 osOSGB3069] [BPT sm171779905 osOSGB3002]]
    [[BPT sm171779229 osOSGB3066] [BPT sm171779229 osOSGB3002]]
    [[BPT sm171779905 osOSGB3072] [BPT sm171779229 osOSGB3002]]
    [[BPT osOSGB3053 sm171779229] [BPT sm171779229 osOSGB3002]]
    [[BPT osOSGB3059 sm171779229] [BPT sm171779229 osOSGB3002]]
    [[BPT osOSGB3061 sm171779229] [BPT sm171779229 osOSGB3002]]
    [[BPT sm171779229 osOSGB3062] [BPT sm171779229 osOSGB3002]]
    [[BPT osOSGB3066 sm171779229] [BPT sm171779229 osOSGB3002]]
    [[BPT osOSGB3002 sm171779905] [BPT sm171779229 osOSGB3002]]
    [[BPT osOSGB3062 sm171779229] [BPT sm171779229 osOSGB3002]]
    [[BPT osOSGB3054 sm171779229] [BPT sm171779229 osOSGB3002]]
    [[BPT sm171779229 osOSGB3069] [BPT sm171779229 osOSGB3002]]
    [[BPT osOSGB3058 sm171779229] [BPT sm171779229 osOSGB3002]]
    [[BPT osOSGB3061 sm171779229] [BPT sm171777505 osOSGB3061]]
    [[BPT sm171777508 osOSGB3070] [BPT osOSGB3070 sm171777508]]
    [[BPT sm171775402 osOSGB3070] [BPT osOSGB3070 sm171777508]]
    [[BPT osOSGB3053 sm171779229] [BPT sm171779229 osOSGB3066]]
    [[BPT osOSGB3059 sm171779229] [BPT sm171779229 osOSGB3066]]
    [[BPT osOSGB3061 sm171779229] [BPT sm171779229 osOSGB3066]]
    [[BPT osOSGB3066 sm171779229] [BPT sm171779229 osOSGB3066]]
    [[BPT osOSGB3062 sm171779229] [BPT sm171779229 osOSGB3066]]
    [[BPT osOSGB3054 sm171779229] [BPT sm171779229 osOSGB3066]]
    [[BPT osOSGB3058 sm171779229] [BPT sm171779229 osOSGB3066]]
    [[BPT osOSGB3002 sm171779905] [BPT sm171779905 osOSGB3072]]
    [[BPT osOSGB3053 sm171779229] [BPT sm171779229 osOSGB3061]]
    [[BPT osOSGB3059 sm171779229] [BPT sm171779229 osOSGB3061]]
    [[BPT osOSGB3061 sm171779229] [BPT sm171779229 osOSGB3061]]
    [[BPT osOSGB3066 sm171779229] [BPT sm171779229 osOSGB3061]]
    [[BPT osOSGB3062 sm171779229] [BPT sm171779229 osOSGB3061]]
    [[BPT osOSGB3054 sm171779229] [BPT sm171779229 osOSGB3061]]
    [[BPT osOSGB3058 sm171779229] [BPT sm171779229 osOSGB3061]]
    [[BPT sm171779229 osOSGB3059] [BPT osOSGB3053 sm171779229]]
    [[BPT sm171779229 osOSGB3062] [BPT osOSGB3053 sm171779229]]
    [[BPT sm171779229 osOSGB3060] [BPT osOSGB3053 sm171779229]]
    [[BPT sm171779229 osOSGB3069] [BPT osOSGB3053 sm171779229]]
    [[BPT sm171779229 osOSGB3058] [BPT osOSGB3053 sm171779229]]
    [[BPT sm171779229 osOSGB3054] [BPT osOSGB3053 sm171779229]]
    [[BPT sm171779229 osOSGB3056] [BPT osOSGB3053 sm171779229]]
    [[BPT osOSGB3059 sm171779229] [BPT sm171779229 osOSGB3059]]
    [[BPT osOSGB3061 sm171779229] [BPT sm171779229 osOSGB3059]]
    [[BPT osOSGB3066 sm171779229] [BPT sm171779229 osOSGB3059]]
    [[BPT osOSGB3062 sm171779229] [BPT sm171779229 osOSGB3059]]
    [[BPT osOSGB3054 sm171779229] [BPT sm171779229 osOSGB3059]]
    [[BPT osOSGB3058 sm171779229] [BPT sm171779229 osOSGB3059]]
    [[BPT sm171779229 osOSGB3062] [BPT osOSGB3059 sm171779229]]
    [[BPT sm171779229 osOSGB3060] [BPT osOSGB3059 sm171779229]]
    [[BPT sm171779229 osOSGB3069] [BPT osOSGB3059 sm171779229]]
    [[BPT sm171779229 osOSGB3058] [BPT osOSGB3059 sm171779229]]
    [[BPT sm171779229 osOSGB3054] [BPT osOSGB3059 sm171779229]]
    [[BPT sm171779229 osOSGB3056] [BPT osOSGB3059 sm171779229]]
    [[BPT sm171779229 osOSGB3062] [BPT osOSGB3061 sm171779229]]
    [[BPT sm171779229 osOSGB3060] [BPT osOSGB3061 sm171779229]]
    [[BPT sm171779229 osOSGB3069] [BPT osOSGB3061 sm171779229]]
    [[BPT sm171779229 osOSGB3058] [BPT osOSGB3061 sm171779229]]
    [[BPT sm171779229 osOSGB3054] [BPT osOSGB3061 sm171779229]]
    [[BPT sm171779229 osOSGB3056] [BPT osOSGB3061 sm171779229]]
    [[BPT osOSGB3066 sm171779229] [BPT sm171779229 osOSGB3062]]
    [[BPT osOSGB3062 sm171779229] [BPT sm171779229 osOSGB3062]]
    [[BPT osOSGB3054 sm171779229] [BPT sm171779229 osOSGB3062]]
    [[BPT osOSGB3058 sm171779229] [BPT sm171779229 osOSGB3062]]
    [[BPT osOSGB3066 sm171779229] [BPT sm171779229 osOSGB3060]]
    [[BPT osOSGB3062 sm171779229] [BPT sm171779229 osOSGB3060]]
    [[BPT osOSGB3054 sm171779229] [BPT sm171779229 osOSGB3060]]
    [[BPT osOSGB3060 sm171777503] [BPT sm171779229 osOSGB3060]]
    [[BPT osOSGB3058 sm171779229] [BPT sm171779229 osOSGB3060]]
    [[BPT sm171779229 osOSGB3069] [BPT osOSGB3066 sm171779229]]
    [[BPT sm171779229 osOSGB3058] [BPT osOSGB3066 sm171779229]]
    [[BPT sm171779229 osOSGB3054] [BPT osOSGB3066 sm171779229]]
    [[BPT sm171779229 osOSGB3056] [BPT osOSGB3066 sm171779229]]
    [[BPT sm171778279 osOSGB3056] [BPT osOSGB3056 sm171778279]]
    [[BPT sm171779229 osOSGB3056] [BPT osOSGB3056 sm171778279]]
    [[BPT osOSGB3060 sm171777503] [BPT sm171777503 osOSGB3060]]
    [[BPT sm171779229 osOSGB3069] [BPT osOSGB3062 sm171779229]]
    [[BPT sm171779229 osOSGB3058] [BPT osOSGB3062 sm171779229]]
    [[BPT sm171779229 osOSGB3054] [BPT osOSGB3062 sm171779229]]
    [[BPT sm171779229 osOSGB3056] [BPT osOSGB3062 sm171779229]]
    [[BPT sm171779229 osOSGB3069] [BPT osOSGB3054 sm171779229]]
    [[BPT sm171779229 osOSGB3058] [BPT osOSGB3054 sm171779229]]
    [[BPT sm171779229 osOSGB3054] [BPT osOSGB3054 sm171779229]]
    [[BPT sm171779229 osOSGB3056] [BPT osOSGB3054 sm171779229]]
    [[BPT osOSGB3058 sm171779229] [BPT sm171779229 osOSGB3069]]
    [[BPT osOSGB3058 sm171779229] [BPT sm171779229 osOSGB3058]]
    [[BPT osOSGB3058 sm171779229] [BPT sm171779229 osOSGB3054]]
    [[BPT osOSGB3058 sm171779229] [BPT sm171779229 osOSGB3056]]]
